<?xml version="1.0" encoding="UTF-8"?>
<!-- Generated by org.testng.reporters.JUnitReportReporter -->
<testsuite hostname="Maginthans-MacBook-Pro.local" failures="0" tests="1" name="test.LogoutTest" time="9.020" errors="0" timestamp="2024-08-17T19:47:34 IST" skipped="0">
  <testcase classname="test.LogoutTest" name="TC_008_SignUnTest" time="9.020"/>
</testsuite> <!-- test.LogoutTest -->
