<?xml version="1.0" encoding="UTF-8"?>
<!-- Generated by org.testng.reporters.JUnitReportReporter -->
<testsuite hostname="Maginthans-MacBook-Pro.local" failures="0" tests="1" name="test.UpadateEndPageTest" time="16.193" errors="0" timestamp="2024-08-19T15:01:06 IST" skipped="0">
  <testcase classname="test.UpadateEndPageTest" name="TC_014_UpadateEndPageDetails" time="16.193"/>
</testsuite> <!-- test.UpadateEndPageTest -->
