<?xml version="1.0" encoding="UTF-8"?>
<!-- Generated by org.testng.reporters.JUnitReportReporter -->
<testsuite hostname="Maginthans-MacBook-Pro.local" failures="0" tests="1" name="test.UserNameUpdateTest" time="19.072" errors="0" timestamp="2024-08-20T19:01:08 IST" skipped="0">
  <testcase classname="test.UserNameUpdateTest" name="TC_015_UpadateUserName" time="19.072"/>
</testsuite> <!-- test.UserNameUpdateTest -->
