<?xml version="1.0" encoding="UTF-8"?>
<!-- Generated by org.testng.reporters.JUnitReportReporter -->
<testsuite hostname="Maginthans-MacBook-Pro.local" failures="0" tests="1" name="test.TemplateCreationTest" time="10.963" errors="0" timestamp="2024-08-17T20:32:47 IST" skipped="0">
  <testcase classname="test.TemplateCreationTest" name="TC_011_TemplateCreation" time="10.963"/>
</testsuite> <!-- test.TemplateCreationTest -->
