<?xml version="1.0" encoding="UTF-8"?>
<!-- Generated by org.testng.reporters.JUnitReportReporter -->
<testsuite hostname="Maginthans-MacBook-Pro.local" failures="0" tests="3" name="test.SignUpTest" time="37.071" errors="0" timestamp="2024-08-17T19:05:19 IST" skipped="0">
  <testcase classname="test.SignUpTest" name="TS_004_SignUpTest" time="6.386"/>
  <testcase classname="test.SignUpTest" name="TS_004_SignUpTest" time="24.628"/>
  <testcase classname="test.SignUpTest" name="TS_004_SignUpTest" time="6.057"/>
</testsuite> <!-- test.SignUpTest -->
