<?xml version="1.0" encoding="UTF-8"?>
<!-- Generated by org.testng.reporters.JUnitReportReporter -->
<testsuite hostname="Maginthans-MacBook-Pro.local" failures="0" tests="1" name="test.UserNameUpdateTest" time="17.915" errors="0" timestamp="2024-08-21T00:27:27 IST" skipped="0">
  <testcase classname="test.UserNameUpdateTest" name="TC_015_UpadateUserName" time="17.915"/>
</testsuite> <!-- test.UserNameUpdateTest -->
