<?xml version="1.0" encoding="UTF-8"?>
<!-- Generated by org.testng.reporters.JUnitReportReporter -->
<testsuite hostname="Maginthans-MacBook-Pro.local" failures="0" tests="1" name="test.LogoutTest" time="15.805" errors="0" timestamp="2024-08-20T19:01:08 IST" skipped="0">
  <testcase classname="test.LogoutTest" name="TC_008_SignUnTest" time="15.805"/>
</testsuite> <!-- test.LogoutTest -->
