<?xml version="1.0" encoding="UTF-8"?>
<!-- Generated by org.testng.reporters.JUnitReportReporter -->
<testsuite hostname="Maginthans-MacBook-Pro.local" failures="0" tests="3" name="test.SignUpTest" time="30.441" errors="0" timestamp="2024-08-18T22:53:30 IST" skipped="0">
  <testcase classname="test.SignUpTest" name="TS_004_SignUpTest" time="12.120"/>
  <testcase classname="test.SignUpTest" name="TS_004_SignUpTest" time="9.315"/>
  <testcase classname="test.SignUpTest" name="TS_004_SignUpTest" time="9.006"/>
</testsuite> <!-- test.SignUpTest -->
