<?xml version="1.0" encoding="UTF-8"?>
<!-- Generated by org.testng.reporters.JUnitReportReporter -->
<testsuite hostname="Maginthans-MacBook-Pro.local" failures="0" tests="5" name="test.SignInTest" time="57.754" errors="0" timestamp="2024-08-17T17:49:49 IST" skipped="0">
  <testcase classname="test.SignInTest" name="TS_002_SignInTest" time="9.279"/>
  <testcase classname="test.SignInTest" name="TS_002_SignInTest" time="6.867"/>
  <testcase classname="test.SignInTest" name="TS_002_SignInTest" time="11.441"/>
  <testcase classname="test.SignInTest" name="TS_002_SignInTest" time="20.968"/>
  <testcase classname="test.SignInTest" name="TS_002_SignInTest" time="9.199"/>
</testsuite> <!-- test.SignInTest -->
