<?xml version="1.0" encoding="UTF-8"?>
<!-- Generated by org.testng.reporters.JUnitReportReporter -->
<testsuite hostname="Maginthans-MacBook-Pro.local" failures="0" tests="5" name="test.SignInTest" time="56.139" errors="0" timestamp="2024-08-18T22:53:30 IST" skipped="0">
  <testcase classname="test.SignInTest" name="TS_002_SignInTest" time="13.008"/>
  <testcase classname="test.SignInTest" name="TS_002_SignInTest" time="11.531"/>
  <testcase classname="test.SignInTest" name="TS_002_SignInTest" time="7.122"/>
  <testcase classname="test.SignInTest" name="TS_002_SignInTest" time="12.919"/>
  <testcase classname="test.SignInTest" name="TS_002_SignInTest" time="11.559"/>
</testsuite> <!-- test.SignInTest -->
