<?xml version="1.0" encoding="UTF-8"?>
<!-- Generated by org.testng.reporters.JUnitReportReporter -->
<testsuite hostname="Maginthans-MacBook-Pro.local" failures="0" tests="3" name="test.SignUpTest" time="27.913" errors="0" timestamp="2024-08-17T23:56:55 IST" skipped="0">
  <testcase classname="test.SignUpTest" name="TS_004_SignUpTest" time="10.380"/>
  <testcase classname="test.SignUpTest" name="TS_004_SignUpTest" time="11.818"/>
  <testcase classname="test.SignUpTest" name="TS_004_SignUpTest" time="5.715"/>
</testsuite> <!-- test.SignUpTest -->
