<?xml version="1.0" encoding="UTF-8"?>
<!-- Generated by org.testng.reporters.JUnitReportReporter -->
<testsuite hostname="Maginthans-MacBook-Pro.local" failures="0" tests="1" name="test.QlibraryTest" time="17.497" errors="0" timestamp="2024-08-19T13:28:35 IST" skipped="0">
  <testcase classname="test.QlibraryTest" name="TC_013_AddNewQuestion" time="17.497"/>
</testsuite> <!-- test.QlibraryTest -->
