<?xml version="1.0" encoding="UTF-8"?>
<!-- Generated by org.testng.reporters.JUnitReportReporter -->
<testsuite hostname="Maginthans-MacBook-Pro.local" failures="0" tests="5" name="test.SignInTest" time="40.118" errors="0" timestamp="2024-08-17T21:54:11 IST" skipped="0">
  <testcase classname="test.SignInTest" name="TS_002_SignInTest" time="8.011"/>
  <testcase classname="test.SignInTest" name="TS_002_SignInTest" time="9.370"/>
  <testcase classname="test.SignInTest" name="TS_002_SignInTest" time="8.662"/>
  <testcase classname="test.SignInTest" name="TS_002_SignInTest" time="7.170"/>
  <testcase classname="test.SignInTest" name="TS_002_SignInTest" time="6.905"/>
</testsuite> <!-- test.SignInTest -->
