<?xml version="1.0" encoding="UTF-8"?>
<!-- Generated by org.testng.reporters.JUnitReportReporter -->
<testsuite hostname="Maginthans-MacBook-Pro.local" failures="0" tests="1" name="test.BrokenURLValidationTest" time="13.931" errors="0" timestamp="2024-08-17T21:36:21 IST" skipped="0">
  <testcase classname="test.BrokenURLValidationTest" name="TC_001_URLValidation" time="13.931"/>
</testsuite> <!-- test.BrokenURLValidationTest -->
