<?xml version="1.0" encoding="UTF-8"?>
<!-- Generated by org.testng.reporters.JUnitReportReporter -->
<testsuite hostname="Maginthans-MacBook-Pro.local" failures="0" tests="1" name="test.TemplateCreationTest" time="18.442" errors="0" timestamp="2024-08-19T04:56:51 IST" skipped="0">
  <testcase classname="test.TemplateCreationTest" name="TC_011_TemplateCreation" time="18.442"/>
</testsuite> <!-- test.TemplateCreationTest -->
