<?xml version="1.0" encoding="UTF-8"?>
<!-- Generated by org.testng.reporters.JUnitReportReporter -->
<testsuite hostname="Maginthans-MacBook-Pro.local" failures="0" tests="1" name="test.BrokenURLValidationTest" time="8.352" errors="0" timestamp="2024-08-17T16:44:14 IST" skipped="0">
  <testcase classname="test.BrokenURLValidationTest" name="TC_001_URLValidation" time="8.352"/>
</testsuite> <!-- test.BrokenURLValidationTest -->
