<?xml version="1.0" encoding="UTF-8"?>
<!-- Generated by org.testng.reporters.JUnitReportReporter -->
<testsuite hostname="Maginthans-MacBook-Pro.local" failures="0" tests="5" name="test.SignInTest" time="93.513" errors="0" timestamp="2024-08-20T19:21:39 IST" skipped="0">
  <testcase classname="test.SignInTest" name="TS_002_SignInTest" time="22.408"/>
  <testcase classname="test.SignInTest" name="TS_002_SignInTest" time="22.066"/>
  <testcase classname="test.SignInTest" name="TS_002_SignInTest" time="12.898"/>
  <testcase classname="test.SignInTest" name="TS_002_SignInTest" time="17.001"/>
  <testcase classname="test.SignInTest" name="TS_002_SignInTest" time="19.140"/>
</testsuite> <!-- test.SignInTest -->
