<?xml version="1.0" encoding="UTF-8"?>
<!-- Generated by org.testng.reporters.JUnitReportReporter -->
<testsuite hostname="Maginthans-MacBook-Pro.local" failures="0" tests="1" name="test.DriveCreationTest" time="16.690" errors="0" timestamp="2024-08-19T15:41:39 IST" skipped="0">
  <testcase classname="test.DriveCreationTest" name="TC_012_TemplateCreation" time="16.690"/>
</testsuite> <!-- test.DriveCreationTest -->
