<?xml version="1.0" encoding="UTF-8"?>
<!-- Generated by org.testng.reporters.JUnitReportReporter -->
<testsuite hostname="Maginthans-MacBook-Pro.local" failures="0" tests="1" name="test.QlibraryTest" time="19.793" errors="0" timestamp="2024-08-20T19:21:39 IST" skipped="0">
  <testcase classname="test.QlibraryTest" name="TC_013_AddNewQuestion" time="19.793"/>
</testsuite> <!-- test.QlibraryTest -->
