<?xml version="1.0" encoding="UTF-8"?>
<!-- Generated by org.testng.reporters.JUnitReportReporter -->
<testsuite hostname="Maginthans-MacBook-Pro.local" failures="0" tests="5" name="test.SignInTest" time="55.854" errors="0" timestamp="2024-08-19T15:41:39 IST" skipped="0">
  <testcase classname="test.SignInTest" name="TS_002_SignInTest" time="9.846"/>
  <testcase classname="test.SignInTest" name="TS_002_SignInTest" time="10.653"/>
  <testcase classname="test.SignInTest" name="TS_002_SignInTest" time="12.813"/>
  <testcase classname="test.SignInTest" name="TS_002_SignInTest" time="10.357"/>
  <testcase classname="test.SignInTest" name="TS_002_SignInTest" time="12.185"/>
</testsuite> <!-- test.SignInTest -->
