<?xml version="1.0" encoding="UTF-8"?>
<!-- Generated by org.testng.reporters.JUnitReportReporter -->
<testsuite hostname="Maginthans-MacBook-Pro.local" failures="0" tests="3" name="test.SignUpTest" time="60.226" errors="0" timestamp="2024-08-20T19:21:39 IST" skipped="0">
  <testcase classname="test.SignUpTest" name="TS_004_SignUpTest" time="18.635"/>
  <testcase classname="test.SignUpTest" name="TS_004_SignUpTest" time="14.085"/>
  <testcase classname="test.SignUpTest" name="TS_004_SignUpTest" time="27.506"/>
</testsuite> <!-- test.SignUpTest -->
