<?xml version="1.0" encoding="UTF-8"?>
<!-- Generated by org.testng.reporters.JUnitReportReporter -->
<testsuite hostname="Maginthans-MacBook-Pro.local" failures="0" tests="3" name="test.SignUpTest" time="32.163" errors="0" timestamp="2024-08-19T15:41:39 IST" skipped="0">
  <testcase classname="test.SignUpTest" name="TS_004_SignUpTest" time="10.897"/>
  <testcase classname="test.SignUpTest" name="TS_004_SignUpTest" time="10.600"/>
  <testcase classname="test.SignUpTest" name="TS_004_SignUpTest" time="10.666"/>
</testsuite> <!-- test.SignUpTest -->
