<?xml version="1.0" encoding="UTF-8"?>
<!-- Generated by org.testng.reporters.JUnitReportReporter -->
<testsuite hostname="Maginthans-MacBook-Pro.local" failures="0" tests="1" name="test.TemplateCreationTest" time="17.886" errors="0" timestamp="2024-08-19T15:41:39 IST" skipped="0">
  <testcase classname="test.TemplateCreationTest" name="TC_011_TemplateCreation" time="17.886"/>
</testsuite> <!-- test.TemplateCreationTest -->
